#
# There is insufficient memory for the Java Runtime Environment to continue.
# Native memory allocation (malloc) failed to allocate 453456 bytes for Chunk::new
# Possible reasons:
#   The system is out of physical RAM or swap space
#   In 32 bit mode, the process size limit was hit
# Possible solutions:
#   Reduce memory load on the system
#   Increase physical memory or swap space
#   Check if swap backing store is full
#   Use 64 bit Java on a 64 bit OS
#   Decrease Java heap size (-Xmx/-Xms)
#   Decrease number of Java threads
#   Decrease Java thread stack sizes (-Xss)
#   Set larger code cache with -XX:ReservedCodeCacheSize=
# This output file may be truncated or incomplete.
#
#  Out of Memory Error (allocation.cpp:390), pid=5556, tid=0x00000000000019d0
#
# JRE version: OpenJDK Runtime Environment (8.0_152-b02) (build 1.8.0_152-release-1024-b02)
# Java VM: OpenJDK 64-Bit Server VM (25.152-b02 mixed mode windows-amd64 compressed oops)
# Failed to write core dump. Minidumps are not enabled by default on client versions of Windows
#

---------------  T H R E A D  ---------------

Current thread (0x0000000016a69800):  JavaThread "C2 CompilerThread0" daemon [_thread_in_native, id=6608, stack(0x0000000018360000,0x0000000018460000)]

Stack: [0x0000000018360000,0x0000000018460000]
[error occurred during error reporting (printing stack bounds), id 0xc0000005]

Native frames: (J=compiled Java code, j=interpreted, Vv=VM code, C=native code)


Current CompileTask:
C2:   7480 2237       4       org.objectweb.asm.Frame::execute (2252 bytes)


---------------  P R O C E S S  ---------------

Java Threads: ( => current thread )
  0x00000000199ca000 JavaThread "Cache worker for Artifact transforms cache (C:\Users\shaoqing\.gradle\caches\transforms-1)" [_thread_blocked, id=9928, stack(0x000000001d330000,0x000000001d430000)]
  0x0000000019a5a000 JavaThread "Cache worker for file hash cache (D:\Android Studio Projects\.gradle\4.4\fileHashes)" [_thread_blocked, id=5872, stack(0x000000001c060000,0x000000001c160000)]
  0x00000000199d8000 JavaThread "File lock request listener" [_thread_in_native, id=10020, stack(0x000000001af90000,0x000000001b090000)]
  0x000000001994b800 JavaThread "Cache worker for file hash cache (C:\Users\shaoqing\.gradle\caches\4.4\fileHashes)" [_thread_blocked, id=10100, stack(0x000000001ae90000,0x000000001af90000)]
  0x00000000198a8000 JavaThread "Stdin handler" [_thread_blocked, id=4608, stack(0x000000001ab90000,0x000000001ac90000)]
  0x00000000198a0800 JavaThread "Asynchronous log dispatcher for DefaultDaemonConnection: socket connection from /127.0.0.1:57696 to /127.0.0.1:57697" [_thread_blocked, id=84, stack(0x000000001aa90000,0x000000001ab90000)]
  0x000000001989e800 JavaThread "Daemon worker" [_thread_in_Java, id=9812, stack(0x000000001a990000,0x000000001aa90000)]
  0x0000000019898000 JavaThread "Cancel handler" [_thread_blocked, id=3912, stack(0x000000001a890000,0x000000001a990000)]
  0x00000000198fb800 JavaThread "Handler for socket connection from /127.0.0.1:57696 to /127.0.0.1:57697" [_thread_in_native, id=4456, stack(0x000000001a590000,0x000000001a690000)]
  0x00000000198fa800 JavaThread "Daemon" [_thread_blocked, id=1472, stack(0x000000001a490000,0x000000001a590000)]
  0x000000001971e000 JavaThread "Daemon periodic checks" [_thread_blocked, id=4764, stack(0x000000001a390000,0x000000001a490000)]
  0x000000001971c000 JavaThread "Incoming local TCP Connector on port 57696" [_thread_in_native, id=6296, stack(0x000000001a230000,0x000000001a330000)]
  0x0000000017dce800 JavaThread "Service Thread" daemon [_thread_blocked, id=8668, stack(0x0000000018660000,0x0000000018760000)]
  0x0000000017db4000 JavaThread "C1 CompilerThread2" daemon [_thread_blocked, id=8568, stack(0x0000000018560000,0x0000000018660000)]
  0x0000000017db1800 JavaThread "C2 CompilerThread1" daemon [_thread_in_native, id=5244, stack(0x0000000018460000,0x0000000018560000)]
=>0x0000000016a69800 JavaThread "C2 CompilerThread0" daemon [_thread_in_native, id=6608, stack(0x0000000018360000,0x0000000018460000)]
  0x0000000016a1d800 JavaThread "Attach Listener" daemon [_thread_blocked, id=9124, stack(0x0000000018260000,0x0000000018360000)]
  0x000000000309e800 JavaThread "Signal Dispatcher" daemon [_thread_blocked, id=6616, stack(0x0000000018160000,0x0000000018260000)]
  0x0000000003098800 JavaThread "Finalizer" daemon [_thread_blocked, id=7020, stack(0x0000000017c60000,0x0000000017d60000)]
  0x0000000003093000 JavaThread "Reference Handler" daemon [_thread_blocked, id=4344, stack(0x0000000017b60000,0x0000000017c60000)]
  0x0000000000ead800 JavaThread "main" [_thread_blocked, id=9600, stack(0x0000000002ea0000,0x0000000002fa0000)]

Other Threads:
  0x00000000169d5800 VMThread [stack: 0x0000000017a60000,0x0000000017b60000] [id=6948]
  0x0000000017dcf000 WatcherThread [stack: 0x0000000018760000,0x0000000018860000] [id=9576]

VM state:not at safepoint (normal execution)

VM Mutex/Monitor currently owned by a thread: None

Heap:
 PSYoungGen      total 112640K, used 24881K [0x00000000e0000000, 0x00000000e8d00000, 0x0000000100000000)
  eden space 104960K, 16% used [0x00000000e0000000,0x00000000e11200a0,0x00000000e6680000)
  from space 7680K, 95% used [0x00000000e8580000,0x00000000e8cac6e8,0x00000000e8d00000)
  to   space 8704K, 0% used [0x00000000e7c00000,0x00000000e7c00000,0x00000000e8480000)
 ParOldGen       total 37376K, used 10932K [0x00000000a0000000, 0x00000000a2480000, 0x00000000e0000000)
  object space 37376K, 29% used [0x00000000a0000000,0x00000000a0aad338,0x00000000a2480000)
 Metaspace       used 27605K, capacity 28124K, committed 28416K, reserved 1073152K
  class space    used 3852K, capacity 3993K, committed 4096K, reserved 1048576K

Card table byte_map: [0x0000000012460000,0x0000000012770000] byte_map_base: 0x0000000011f60000

Marking Bits: (ParMarkBitMap*) 0x0000000059da4970
 Begin Bits: [0x0000000012d70000, 0x0000000014570000)
 End Bits:   [0x0000000014570000, 0x0000000015d70000)

Polling page: 0x0000000001310000

CodeCache: size=245760Kb used=8989Kb max_used=8998Kb free=236770Kb
 bounds [0x00000000030a0000, 0x0000000003980000, 0x00000000120a0000]
 total_blobs=2859 nmethods=2212 adapters=560
 compilation: enabled

Compilation events (10 events):
Event: 7.453 Thread 0x0000000017db1800 nmethod 2238 0x000000000395f850 code [0x000000000395f9a0, 0x000000000395fb48]
Event: 7.454 Thread 0x0000000017db4000 2239       1       org.gradle.internal.reflect.ReflectionCache$CacheEntry::access$100 (5 bytes)
Event: 7.455 Thread 0x0000000017db4000 nmethod 2239 0x000000000394cfd0 code [0x000000000394d120, 0x000000000394d210]
Event: 7.460 Thread 0x0000000017db1800 2240       4       sun.misc.PerfCounter::addElapsedTimeFrom (10 bytes)
Event: 7.463 Thread 0x0000000017db1800 nmethod 2240 0x0000000003963b90 code [0x0000000003963ce0, 0x0000000003963f58]
Event: 7.463 Thread 0x0000000017db1800 2241       4       java.util.regex.Pattern$Single::isSatisfiedBy (14 bytes)
Event: 7.463 Thread 0x0000000017db1800 nmethod 2241 0x00000000039088d0 code [0x0000000003908a00, 0x0000000003908a78]
Event: 7.464 Thread 0x0000000017db1800 2242       4       sun.misc.ProxyGenerator$ConstantPool::getIndirect (67 bytes)
Event: 7.475 Thread 0x0000000017db4000 2243       3       com.google.common.collect.Lists::newArrayList (8 bytes)
Event: 7.475 Thread 0x0000000017db4000 nmethod 2243 0x0000000003970a90 code [0x0000000003970c00, 0x0000000003970f10]

GC Heap History (10 events):
Event: 3.238 GC heap before
{Heap before GC invocations=5 (full 0):
 PSYoungGen      total 35328K, used 35320K [0x00000000e0000000, 0x00000000e2500000, 0x0000000100000000)
  eden space 32768K, 100% used [0x00000000e0000000,0x00000000e2000000,0x00000000e2000000)
  from space 2560K, 99% used [0x00000000e2280000,0x00000000e24fe050,0x00000000e2500000)
  to   space 2560K, 0% used [0x00000000e2000000,0x00000000e2000000,0x00000000e2280000)
 ParOldGen       total 44032K, used 4102K [0x00000000a0000000, 0x00000000a2b00000, 0x00000000e0000000)
  object space 44032K, 9% used [0x00000000a0000000,0x00000000a04018e0,0x00000000a2b00000)
 Metaspace       used 14418K, capacity 14786K, committed 14976K, reserved 1062912K
  class space    used 2010K, capacity 2127K, committed 2176K, reserved 1048576K
Event: 3.247 GC heap after
Heap after GC invocations=5 (full 0):
 PSYoungGen      total 35328K, used 2552K [0x00000000e0000000, 0x00000000e4d00000, 0x0000000100000000)
  eden space 32768K, 0% used [0x00000000e0000000,0x00000000e0000000,0x00000000e2000000)
  from space 2560K, 99% used [0x00000000e2000000,0x00000000e227e030,0x00000000e2280000)
  to   space 6656K, 0% used [0x00000000e4680000,0x00000000e4680000,0x00000000e4d00000)
 ParOldGen       total 44032K, used 7826K [0x00000000a0000000, 0x00000000a2b00000, 0x00000000e0000000)
  object space 44032K, 17% used [0x00000000a0000000,0x00000000a07a4a18,0x00000000a2b00000)
 Metaspace       used 14418K, capacity 14786K, committed 14976K, reserved 1062912K
  class space    used 2010K, capacity 2127K, committed 2176K, reserved 1048576K
}
Event: 4.521 GC heap before
{Heap before GC invocations=6 (full 0):
 PSYoungGen      total 35328K, used 35320K [0x00000000e0000000, 0x00000000e4d00000, 0x0000000100000000)
  eden space 32768K, 100% used [0x00000000e0000000,0x00000000e2000000,0x00000000e2000000)
  from space 2560K, 99% used [0x00000000e2000000,0x00000000e227e030,0x00000000e2280000)
  to   space 6656K, 0% used [0x00000000e4680000,0x00000000e4680000,0x00000000e4d00000)
 ParOldGen       total 44032K, used 7826K [0x00000000a0000000, 0x00000000a2b00000, 0x00000000e0000000)
  object space 44032K, 17% used [0x00000000a0000000,0x00000000a07a4a18,0x00000000a2b00000)
 Metaspace       used 17604K, capacity 18076K, committed 18304K, reserved 1064960K
  class space    used 2530K, capacity 2658K, committed 2688K, reserved 1048576K
Event: 4.529 GC heap after
Heap after GC invocations=6 (full 0):
 PSYoungGen      total 71168K, used 6636K [0x00000000e0000000, 0x00000000e4f00000, 0x0000000100000000)
  eden space 64512K, 0% used [0x00000000e0000000,0x00000000e0000000,0x00000000e3f00000)
  from space 6656K, 99% used [0x00000000e4680000,0x00000000e4cfb1d8,0x00000000e4d00000)
  to   space 7680K, 0% used [0x00000000e3f00000,0x00000000e3f00000,0x00000000e4680000)
 ParOldGen       total 44032K, used 7984K [0x00000000a0000000, 0x00000000a2b00000, 0x00000000e0000000)
  object space 44032K, 18% used [0x00000000a0000000,0x00000000a07cc210,0x00000000a2b00000)
 Metaspace       used 17604K, capacity 18076K, committed 18304K, reserved 1064960K
  class space    used 2530K, capacity 2658K, committed 2688K, reserved 1048576K
}
Event: 4.909 GC heap before
{Heap before GC invocations=7 (full 0):
 PSYoungGen      total 71168K, used 20260K [0x00000000e0000000, 0x00000000e4f00000, 0x0000000100000000)
  eden space 64512K, 21% used [0x00000000e0000000,0x00000000e0d4dfe0,0x00000000e3f00000)
  from space 6656K, 99% used [0x00000000e4680000,0x00000000e4cfb1d8,0x00000000e4d00000)
  to   space 7680K, 0% used [0x00000000e3f00000,0x00000000e3f00000,0x00000000e4680000)
 ParOldGen       total 44032K, used 7984K [0x00000000a0000000, 0x00000000a2b00000, 0x00000000e0000000)
  object space 44032K, 18% used [0x00000000a0000000,0x00000000a07cc210,0x00000000a2b00000)
 Metaspace       used 20794K, capacity 21212K, committed 21248K, reserved 1067008K
  class space    used 2897K, capacity 3042K, committed 3072K, reserved 1048576K
Event: 4.931 GC heap after
Heap after GC invocations=7 (full 0):
 PSYoungGen      total 72192K, used 5622K [0x00000000e0000000, 0x00000000e8d00000, 0x0000000100000000)
  eden space 64512K, 0% used [0x00000000e0000000,0x00000000e0000000,0x00000000e3f00000)
  from space 7680K, 73% used [0x00000000e3f00000,0x00000000e447d8a8,0x00000000e4680000)
  to   space 7680K, 0% used [0x00000000e8580000,0x00000000e8580000,0x00000000e8d00000)
 ParOldGen       total 44032K, used 8761K [0x00000000a0000000, 0x00000000a2b00000, 0x00000000e0000000)
  object space 44032K, 19% used [0x00000000a0000000,0x00000000a088e7f8,0x00000000a2b00000)
 Metaspace       used 20794K, capacity 21212K, committed 21248K, reserved 1067008K
  class space    used 2897K, capacity 3042K, committed 3072K, reserved 1048576K
}
Event: 4.931 GC heap before
{Heap before GC invocations=8 (full 1):
 PSYoungGen      total 72192K, used 5622K [0x00000000e0000000, 0x00000000e8d00000, 0x0000000100000000)
  eden space 64512K, 0% used [0x00000000e0000000,0x00000000e0000000,0x00000000e3f00000)
  from space 7680K, 73% used [0x00000000e3f00000,0x00000000e447d8a8,0x00000000e4680000)
  to   space 7680K, 0% used [0x00000000e8580000,0x00000000e8580000,0x00000000e8d00000)
 ParOldGen       total 44032K, used 8761K [0x00000000a0000000, 0x00000000a2b00000, 0x00000000e0000000)
  object space 44032K, 19% used [0x00000000a0000000,0x00000000a088e7f8,0x00000000a2b00000)
 Metaspace       used 20794K, capacity 21212K, committed 21248K, reserved 1067008K
  class space    used 2897K, capacity 3042K, committed 3072K, reserved 1048576K
Event: 5.019 GC heap after
Heap after GC invocations=8 (full 1):
 PSYoungGen      total 72192K, used 0K [0x00000000e0000000, 0x00000000e8d00000, 0x0000000100000000)
  eden space 64512K, 0% used [0x00000000e0000000,0x00000000e0000000,0x00000000e3f00000)
  from space 7680K, 0% used [0x00000000e3f00000,0x00000000e3f00000,0x00000000e4680000)
  to   space 7680K, 0% used [0x00000000e8580000,0x00000000e8580000,0x00000000e8d00000)
 ParOldGen       total 37376K, used 10924K [0x00000000a0000000, 0x00000000a2480000, 0x00000000e0000000)
  object space 37376K, 29% used [0x00000000a0000000,0x00000000a0aab338,0x00000000a2480000)
 Metaspace       used 20794K, capacity 21212K, committed 21248K, reserved 1067008K
  class space    used 2897K, capacity 3042K, committed 3072K, reserved 1048576K
}
Event: 6.918 GC heap before
{Heap before GC invocations=9 (full 1):
 PSYoungGen      total 72192K, used 64512K [0x00000000e0000000, 0x00000000e8d00000, 0x0000000100000000)
  eden space 64512K, 100% used [0x00000000e0000000,0x00000000e3f00000,0x00000000e3f00000)
  from space 7680K, 0% used [0x00000000e3f00000,0x00000000e3f00000,0x00000000e4680000)
  to   space 7680K, 0% used [0x00000000e8580000,0x00000000e8580000,0x00000000e8d00000)
 ParOldGen       total 37376K, used 10924K [0x00000000a0000000, 0x00000000a2480000, 0x00000000e0000000)
  object space 37376K, 29% used [0x00000000a0000000,0x00000000a0aab338,0x00000000a2480000)
 Metaspace       used 26573K, capacity 27126K, committed 27136K, reserved 1073152K
  class space    used 3661K, capacity 3831K, committed 3840K, reserved 1048576K
Event: 6.970 GC heap after
Heap after GC invocations=9 (full 1):
 PSYoungGen      total 112640K, used 7345K [0x00000000e0000000, 0x00000000e8d00000, 0x0000000100000000)
  eden space 104960K, 0% used [0x00000000e0000000,0x00000000e0000000,0x00000000e6680000)
  from space 7680K, 95% used [0x00000000e8580000,0x00000000e8cac6e8,0x00000000e8d00000)
  to   space 8704K, 0% used [0x00000000e7c00000,0x00000000e7c00000,0x00000000e8480000)
 ParOldGen       total 37376K, used 10932K [0x00000000a0000000, 0x00000000a2480000, 0x00000000e0000000)
  object space 37376K, 29% used [0x00000000a0000000,0x00000000a0aad338,0x00000000a2480000)
 Metaspace       used 26573K, capacity 27126K, committed 27136K, reserved 1073152K
  class space    used 3661K, capacity 3831K, committed 3840K, reserved 1048576K
}

Deoptimization events (10 events):
Event: 5.953 Thread 0x000000001989e800 Uncommon trap: reason=unstable_if action=reinterpret pc=0x000000000339d230 method=java.util.HashMap.hash(Ljava/lang/Object;)I @ 1
Event: 5.953 Thread 0x000000001989e800 Uncommon trap: reason=unstable_if action=reinterpret pc=0x00000000035048e0 method=java.util.HashMap.putVal(ILjava/lang/Object;Ljava/lang/Object;ZZ)Ljava/lang/Object; @ 85
Event: 6.035 Thread 0x000000001989e800 Uncommon trap: reason=class_check action=maybe_recompile pc=0x000000000366c8c0 method=java.lang.reflect.Method.equals(Ljava/lang/Object;)Z @ 5
Event: 6.039 Thread 0x000000001989e800 Uncommon trap: reason=class_check action=maybe_recompile pc=0x000000000366c8c0 method=java.lang.reflect.Method.equals(Ljava/lang/Object;)Z @ 5
Event: 6.192 Thread 0x000000001989e800 Uncommon trap: reason=unstable_if action=reinterpret pc=0x000000000334f170 method=java.util.LinkedHashMap.afterNodeInsertion(Z)V @ 1
Event: 6.228 Thread 0x000000001989e800 Uncommon trap: reason=class_check action=maybe_recompile pc=0x000000000366c8c0 method=java.lang.reflect.Method.equals(Ljava/lang/Object;)Z @ 5
Event: 6.228 Thread 0x000000001989e800 Uncommon trap: reason=class_check action=maybe_recompile pc=0x000000000366c8c0 method=java.lang.reflect.Method.equals(Ljava/lang/Object;)Z @ 5
Event: 6.379 Thread 0x000000001989e800 Uncommon trap: reason=class_check action=maybe_recompile pc=0x00000000032701fc method=sun.misc.URLClassPath.getLoader(I)Lsun/misc/URLClassPath$Loader; @ 94
Event: 6.388 Thread 0x000000001989e800 Uncommon trap: reason=class_check action=maybe_recompile pc=0x000000000326a474 method=sun.misc.URLClassPath.getLoader(I)Lsun/misc/URLClassPath$Loader; @ 239
Event: 6.488 Thread 0x000000001989e800 Uncommon trap: reason=unstable_if action=reinterpret pc=0x0000000003313008 method=java.io.WinNTFileSystem.resolve(Ljava/lang/String;Ljava/lang/String;)Ljava/lang/String; @ 49

Classes redefined (0 events):
No events

Internal exceptions (10 events):
Event: 6.609 Thread 0x000000001989e800 Exception <a 'java/lang/ClassNotFoundException': org/gradle/api/internal/DefaultNamedDomainObjectCollectionBeanInfo> (0x00000000e3ad3520) thrown at [D:\src\AOSP-openjdk-cygwin\jdk8u\hotspot\src\share\vm\classfile\systemDictionary.cpp, line 210]
Event: 6.610 Thread 0x000000001989e800 Exception <a 'java/lang/ClassNotFoundException': org/gradle/api/internal/DefaultDomainObjectCollectionBeanInfo> (0x00000000e3afe000) thrown at [D:\src\AOSP-openjdk-cygwin\jdk8u\hotspot\src\share\vm\classfile\systemDictionary.cpp, line 210]
Event: 6.611 Thread 0x000000001989e800 Exception <a 'java/lang/ClassNotFoundException': java/util/AbstractCollectionBeanInfo> (0x00000000e3b02008) thrown at [D:\src\AOSP-openjdk-cygwin\jdk8u\hotspot\src\share\vm\classfile\systemDictionary.cpp, line 210]
Event: 6.611 Thread 0x000000001989e800 Exception <a 'java/lang/ClassNotFoundException': java/util/AbstractCollectionCustomizer> (0x00000000e3b06020) thrown at [D:\src\AOSP-openjdk-cygwin\jdk8u\hotspot\src\share\vm\classfile\systemDictionary.cpp, line 210]
Event: 6.616 Thread 0x000000001989e800 Exception <a 'java/lang/ClassNotFoundException': org/gradle/api/internal/DefaultDomainObjectCollectionCustomizer> (0x00000000e3b3dc40) thrown at [D:\src\AOSP-openjdk-cygwin\jdk8u\hotspot\src\share\vm\classfile\systemDictionary.cpp, line 210]
Event: 6.627 Thread 0x000000001989e800 Exception <a 'java/lang/ClassNotFoundException': org/gradle/api/internal/DefaultNamedDomainObjectCollectionCustomizer> (0x00000000e3b91f90) thrown at [D:\src\AOSP-openjdk-cygwin\jdk8u\hotspot\src\share\vm\classfile\systemDictionary.cpp, line 210]
Event: 6.643 Thread 0x000000001989e800 Exception <a 'java/lang/ClassNotFoundException': org/gradle/api/internal/DefaultNamedDomainObjectListCustomizer> (0x00000000e3be7f80) thrown at [D:\src\AOSP-openjdk-cygwin\jdk8u\hotspot\src\share\vm\classfile\systemDictionary.cpp, line 210]
Event: 6.650 Thread 0x000000001989e800 Exception <a 'java/lang/ClassNotFoundException': org/gradle/api/internal/artifacts/DefaultArtifactRepositoryContainerCustomizer> (0x00000000e3c52ac8) thrown at [D:\src\AOSP-openjdk-cygwin\jdk8u\hotspot\src\share\vm\classfile\systemDictionary.cpp, line 210
Event: 6.656 Thread 0x000000001989e800 Exception <a 'java/lang/ClassNotFoundException': org/gradle/api/internal/artifacts/dsl/DefaultRepositoryHandlerCustomizer> (0x00000000e3cafdf8) thrown at [D:\src\AOSP-openjdk-cygwin\jdk8u\hotspot\src\share\vm\classfile\systemDictionary.cpp, line 210]
Event: 6.665 Thread 0x000000001989e800 Exception <a 'java/lang/ClassNotFoundException': org/gradle/api/internal/artifacts/dsl/DefaultRepositoryHandler_DecoratedCustomizer> (0x00000000e3d155a8) thrown at [D:\src\AOSP-openjdk-cygwin\jdk8u\hotspot\src\share\vm\classfile\systemDictionary.cpp, line

Events (10 events):
Event: 7.457 loading class org/gradle/api/internal/attributes/DefaultAttributeMatchingStrategy
Event: 7.457 loading class org/gradle/api/internal/attributes/DefaultAttributeMatchingStrategy done
Event: 7.459 loading class org/gradle/api/attributes/CompatibilityRuleChain
Event: 7.459 loading class org/gradle/api/attributes/CompatibilityRuleChain done
Event: 7.460 loading class org/gradle/api/attributes/DisambiguationRuleChain
Event: 7.460 loading class org/gradle/api/attributes/DisambiguationRuleChain done
Event: 7.462 loading class org/gradle/api/internal/attributes/DefaultCompatibilityRuleChain
Event: 7.462 loading class org/gradle/api/internal/attributes/DefaultCompatibilityRuleChain done
Event: 7.463 loading class org/gradle/api/HasImplicitReceiver
Event: 7.463 loading class org/gradle/api/HasImplicitReceiver done


Dynamic libraries:
0x00007ff707070000 - 0x00007ff7070a1000 	D:\Android Studio\jre\bin\java.exe
0x00007ffa0a7f0000 - 0x00007ffa0a9b2000 	C:\Windows\SYSTEM32\ntdll.dll
0x00007ffa0a010000 - 0x00007ffa0a0bd000 	C:\Windows\system32\KERNEL32.DLL
0x00007ffa07ce0000 - 0x00007ffa07ebd000 	C:\Windows\system32\KERNELBASE.dll
0x00007ffa08890000 - 0x00007ffa08936000 	C:\Windows\system32\ADVAPI32.dll
0x00007ffa084f0000 - 0x00007ffa0858d000 	C:\Windows\system32\msvcrt.dll
0x00007ffa08070000 - 0x00007ffa080cb000 	C:\Windows\system32\sechost.dll
0x00007ffa0a4f0000 - 0x00007ffa0a616000 	C:\Windows\system32\RPCRT4.dll
0x00007ffa08740000 - 0x00007ffa0888e000 	C:\Windows\system32\USER32.dll
0x00007ffa0a2f0000 - 0x00007ffa0a475000 	C:\Windows\system32\GDI32.dll
0x00007ff9f7fe0000 - 0x00007ff9f8254000 	C:\Windows\WinSxS\amd64_microsoft.windows.common-controls_6595b64144ccf1df_6.0.10240.16384_none_f41f7b285750ef43\COMCTL32.dll
0x00007ffa08a20000 - 0x00007ffa08a56000 	C:\Windows\system32\IMM32.DLL
0x00007ffa0a130000 - 0x00007ffa0a28c000 	C:\Windows\system32\MSCTF.dll
0x0000000059500000 - 0x00000000595d2000 	D:\Android Studio\jre\jre\bin\msvcr100.dll
0x00000000595e0000 - 0x0000000059e1f000 	D:\Android Studio\jre\jre\bin\server\jvm.dll
0x00007ffa09f90000 - 0x00007ffa09f98000 	C:\Windows\system32\PSAPI.DLL
0x00007ff9feab0000 - 0x00007ff9feab9000 	C:\Windows\SYSTEM32\WSOCK32.dll
0x00007ffa04e50000 - 0x00007ffa04e73000 	C:\Windows\SYSTEM32\WINMM.dll
0x00007ffa0a480000 - 0x00007ffa0a4e9000 	C:\Windows\system32\WS2_32.dll
0x00007ffa08420000 - 0x00007ffa08428000 	C:\Windows\system32\NSI.dll
0x00007ffa04e80000 - 0x00007ffa04e8a000 	C:\Windows\SYSTEM32\VERSION.dll
0x00007ffa04e20000 - 0x00007ffa04e4c000 	C:\Windows\SYSTEM32\WINMMBASE.dll
0x00007ffa07660000 - 0x00007ffa076a4000 	C:\Windows\system32\cfgmgr32.dll
0x00007ffa05b70000 - 0x00007ffa05b97000 	C:\Windows\SYSTEM32\DEVOBJ.dll
0x00007ffa032a0000 - 0x00007ffa032af000 	D:\Android Studio\jre\jre\bin\verify.dll
0x00007ff9f4160000 - 0x00007ff9f4189000 	D:\Android Studio\jre\jre\bin\java.dll
0x00007ff9fcf50000 - 0x00007ff9fcf66000 	D:\Android Studio\jre\jre\bin\zip.dll
0x00007ffa08a60000 - 0x00007ffa09f85000 	C:\Windows\system32\SHELL32.dll
0x00007ffa076b0000 - 0x00007ffa07cd8000 	C:\Windows\system32\windows.storage.dll
0x00007ffa081a0000 - 0x00007ffa0841c000 	C:\Windows\system32\combase.dll
0x00007ffa08590000 - 0x00007ffa085e1000 	C:\Windows\system32\shlwapi.dll
0x00007ffa07290000 - 0x00007ffa0729f000 	C:\Windows\system32\kernel.appcore.dll
0x00007ffa07490000 - 0x00007ffa07543000 	C:\Windows\system32\shcore.dll
0x00007ffa07220000 - 0x00007ffa0726a000 	C:\Windows\system32\powrprof.dll
0x00007ffa072a0000 - 0x00007ffa072b3000 	C:\Windows\system32\profapi.dll
0x00007ff9f4760000 - 0x00007ff9f477a000 	D:\Android Studio\jre\jre\bin\net.dll
0x00007ffa06a70000 - 0x00007ffa06acd000 	C:\Windows\system32\mswsock.dll
0x00007ff9f4140000 - 0x00007ff9f4151000 	D:\Android Studio\jre\jre\bin\nio.dll
0x00007ff9efe50000 - 0x00007ff9efe6e000 	C:\Users\shaoqing\.gradle\native\25\windows-amd64\native-platform.dll
0x00007ff9fe0a0000 - 0x00007ff9fe0ad000 	D:\Android Studio\jre\jre\bin\management.dll
0x00007ffa06ad0000 - 0x00007ffa06ae7000 	C:\Windows\SYSTEM32\CRYPTSP.dll
0x00007ffa06d40000 - 0x00007ffa06d68000 	C:\Windows\SYSTEM32\bcrypt.dll
0x00007ffa06720000 - 0x00007ffa06753000 	C:\Windows\system32\rsaenh.dll
0x00007ffa06900000 - 0x00007ffa0691f000 	C:\Windows\SYSTEM32\USERENV.dll
0x00007ffa07070000 - 0x00007ffa070db000 	C:\Windows\system32\bcryptprimitives.dll
0x00007ffa06c40000 - 0x00007ffa06c4b000 	C:\Windows\SYSTEM32\CRYPTBASE.dll
0x00007ff9ffe20000 - 0x00007ff9ffe58000 	C:\Windows\SYSTEM32\IPHLPAPI.DLL
0x00007ff9ffe10000 - 0x00007ff9ffe1b000 	C:\Windows\SYSTEM32\WINNSI.DLL
0x00007ff9ffc80000 - 0x00007ff9ffc96000 	C:\Windows\SYSTEM32\dhcpcsvc6.DLL
0x00007ff9ffc50000 - 0x00007ff9ffc6a000 	C:\Windows\SYSTEM32\dhcpcsvc.DLL

VM Arguments:
jvm_args: -Xmx1536m -Dfile.encoding=GBK -Duser.country=CN -Duser.language=zh -Duser.variant 
java_command: org.gradle.launcher.daemon.bootstrap.GradleDaemon 4.4
java_class_path (initial): C:\Users\shaoqing\.gradle\wrapper\dists\gradle-4.4-all\9br9xq1tocpiv8o6njlyu5op1\gradle-4.4\lib\gradle-launcher-4.4.jar
Launcher Type: SUN_STANDARD

Environment Variables:
JAVA_HOME=C:\Program Files\Java\jdk1.8.0_144
CLASSPATH=.;C:\Program Files\Java\jdk1.8.0_144\lib\dt.jar;C:\Program Files\Java\jdk1.8.0_144\lib\tools.jar;?D:\json_simple-1.1.jar
PATH=C:\Program Files\Java\jdk1.8.0_144\bin;?;D:\Git\cmd;C:\Program Files (x86)\ATI Technologies\ATI.ACE\Core-Static;D:\Anaconda2;D:\Anaconda2\Library\mingw-w64\bin;D:\Anaconda2\Library\usr\bin;D:\Anaconda2\Library\bin;D:\Anaconda2\Scripts;C:\Users\shaoqing\Anaconda3;C:\Users\shaoqing\Anaconda3\Library\mingw-w64\bin;C:\Users\shaoqing\Anaconda3\Library\usr\bin;C:\Users\shaoqing\Anaconda3\Library\bin;C:\Users\shaoqing\Anaconda3\Scripts;C:\Users\shaoqing\AppData\Local\Programs\Python\Python35\Scripts\;C:\Users\shaoqing\AppData\Local\Programs\Python\Python35\
USERNAME=shaoqing
OS=Windows_NT
PROCESSOR_IDENTIFIER=Intel64 Family 6 Model 42 Stepping 7, GenuineIntel



---------------  S Y S T E M  ---------------

OS: Windows 10.0 , 64 bit Build 10240 (10.0.10240.16384)

CPU:total 4 (initial active 4) (2 cores per cpu, 2 threads per core) family 6 model 42 stepping 7, cmov, cx8, fxsr, mmx, sse, sse2, sse3, ssse3, sse4.1, sse4.2, popcnt, avx, aes, clmul, ht, tsc, tscinvbit

Memory: 4k page, physical 4085896k(250972k free), swap 9027184k(3156k free)

vm_info: OpenJDK 64-Bit Server VM (25.152-b02) for windows-amd64 JRE (1.8.0_152-release-1024-b02), built by "builder" with MS VC++ 10.0 (VS2010)

time: Thu Sep 20 00:51:47 2018
elapsed time: 7 seconds (0d 0h 0m 7s)

