#
# There is insufficient memory for the Java Runtime Environment to continue.
# Native memory allocation (malloc) failed to allocate 971536 bytes for Chunk::new
# Possible reasons:
#   The system is out of physical RAM or swap space
#   In 32 bit mode, the process size limit was hit
# Possible solutions:
#   Reduce memory load on the system
#   Increase physical memory or swap space
#   Check if swap backing store is full
#   Use 64 bit Java on a 64 bit OS
#   Decrease Java heap size (-Xmx/-Xms)
#   Decrease number of Java threads
#   Decrease Java thread stack sizes (-Xss)
#   Set larger code cache with -XX:ReservedCodeCacheSize=
# This output file may be truncated or incomplete.
#
#  Out of Memory Error (allocation.cpp:390), pid=8760, tid=0x000000000000125c
#
# JRE version: OpenJDK Runtime Environment (8.0_152-b02) (build 1.8.0_152-release-1024-b02)
# Java VM: OpenJDK 64-Bit Server VM (25.152-b02 mixed mode windows-amd64 compressed oops)
# Failed to write core dump. Minidumps are not enabled by default on client versions of Windows
#

---------------  T H R E A D  ---------------

Current thread (0x000000001733b000):  JavaThread "C2 CompilerThread1" daemon [_thread_in_native, id=4700, stack(0x0000000017a20000,0x0000000017b20000)]

Stack: [0x0000000017a20000,0x0000000017b20000]
[error occurred during error reporting (printing stack bounds), id 0xc0000005]

Native frames: (J=compiled Java code, j=interpreted, Vv=VM code, C=native code)


Current CompileTask:
C2:   4896 1812       4       java.net.URLClassLoader$1::run (5 bytes)


---------------  P R O C E S S  ---------------

Java Threads: ( => current thread )
  0x000000001a75f000 JavaThread "Cache worker for file hash cache (D:\Android Studio Projects\.gradle\4.4\fileHashes)" [_thread_blocked, id=8932, stack(0x000000001b620000,0x000000001b720000)]
  0x0000000018db2800 JavaThread "File lock request listener" [_thread_in_native, id=2164, stack(0x000000001a550000,0x000000001a650000)]
  0x000000001900d800 JavaThread "Cache worker for file hash cache (C:\Users\shaoqing\.gradle\caches\4.4\fileHashes)" [_thread_blocked, id=3476, stack(0x000000001a450000,0x000000001a550000)]
  0x0000000018da1800 JavaThread "Stdin handler" [_thread_blocked, id=6784, stack(0x000000001a150000,0x000000001a250000)]
  0x0000000018daf000 JavaThread "Asynchronous log dispatcher for DefaultDaemonConnection: socket connection from /127.0.0.1:50702 to /127.0.0.1:50703" [_thread_blocked, id=8536, stack(0x000000001a050000,0x000000001a150000)]
  0x0000000018dab000 JavaThread "Daemon worker" [_thread_in_vm, id=8048, stack(0x0000000019f50000,0x000000001a050000)]
  0x0000000018da6800 JavaThread "Cancel handler" [_thread_blocked, id=1312, stack(0x0000000019e50000,0x0000000019f50000)]
  0x0000000018b78800 JavaThread "Handler for socket connection from /127.0.0.1:50702 to /127.0.0.1:50703" [_thread_in_native, id=5176, stack(0x0000000019b50000,0x0000000019c50000)]
  0x0000000018b78000 JavaThread "Daemon" [_thread_blocked, id=6340, stack(0x0000000019a50000,0x0000000019b50000)]
  0x0000000018efa800 JavaThread "Daemon periodic checks" [_thread_blocked, id=9080, stack(0x0000000019950000,0x0000000019a50000)]
  0x0000000018c09800 JavaThread "Incoming local TCP Connector on port 50702" [_thread_in_native, id=1044, stack(0x00000000197f0000,0x00000000198f0000)]
  0x00000000173a3800 JavaThread "Service Thread" daemon [_thread_blocked, id=3452, stack(0x0000000017c20000,0x0000000017d20000)]
  0x000000001736c800 JavaThread "C1 CompilerThread2" daemon [_thread_in_vm, id=7892, stack(0x0000000017b20000,0x0000000017c20000)]
=>0x000000001733b000 JavaThread "C2 CompilerThread1" daemon [_thread_in_native, id=4700, stack(0x0000000017a20000,0x0000000017b20000)]
  0x0000000015fb9000 JavaThread "C2 CompilerThread0" daemon [_thread_in_native, id=6456, stack(0x0000000017920000,0x0000000017a20000)]
  0x0000000015f6c800 JavaThread "Attach Listener" daemon [_thread_blocked, id=2220, stack(0x0000000017820000,0x0000000017920000)]
  0x0000000017328800 JavaThread "Signal Dispatcher" daemon [_thread_blocked, id=9068, stack(0x0000000017720000,0x0000000017820000)]
  0x0000000015f47000 JavaThread "Finalizer" daemon [_thread_blocked, id=4216, stack(0x00000000171c0000,0x00000000172c0000)]
  0x00000000025e1000 JavaThread "Reference Handler" daemon [_thread_blocked, id=8564, stack(0x00000000170c0000,0x00000000171c0000)]
  0x00000000006ed800 JavaThread "main" [_thread_blocked, id=4768, stack(0x00000000023f0000,0x00000000024f0000)]

Other Threads:
  0x0000000015f26000 VMThread [stack: 0x0000000016fc0000,0x00000000170c0000] [id=9480]
  0x00000000173a4800 WatcherThread [stack: 0x0000000017d20000,0x0000000017e20000] [id=5236]

VM state:not at safepoint (normal execution)

VM Mutex/Monitor currently owned by a thread: None

Heap:
 PSYoungGen      total 72192K, used 15398K [0x00000000e0000000, 0x00000000e8d00000, 0x0000000100000000)
  eden space 64512K, 23% used [0x00000000e0000000,0x00000000e0f09850,0x00000000e3f00000)
  from space 7680K, 0% used [0x00000000e3f00000,0x00000000e3f00000,0x00000000e4680000)
  to   space 7680K, 0% used [0x00000000e8580000,0x00000000e8580000,0x00000000e8d00000)
 ParOldGen       total 35840K, used 8173K [0x00000000a0000000, 0x00000000a2300000, 0x00000000e0000000)
  object space 35840K, 22% used [0x00000000a0000000,0x00000000a07fb680,0x00000000a2300000)
 Metaspace       used 22533K, capacity 22978K, committed 23296K, reserved 1069056K
  class space    used 3061K, capacity 3204K, committed 3328K, reserved 1048576K

Card table byte_map: [0x00000000119b0000,0x0000000011cc0000] byte_map_base: 0x00000000114b0000

Marking Bits: (ParMarkBitMap*) 0x0000000059da4970
 Begin Bits: [0x00000000122c0000, 0x0000000013ac0000)
 End Bits:   [0x0000000013ac0000, 0x00000000152c0000)

Polling page: 0x00000000006d0000

CodeCache: size=245760Kb used=7528Kb max_used=7528Kb free=238231Kb
 bounds [0x00000000025f0000, 0x0000000002d50000, 0x00000000115f0000]
 total_blobs=2492 nmethods=1864 adapters=541
 compilation: enabled

Compilation events (10 events):
Event: 4.884 Thread 0x000000001736c800 nmethod 1862 0x0000000002d44790 code [0x0000000002d44920, 0x0000000002d44d08]
Event: 4.884 Thread 0x000000001736c800 1860       1       java.lang.Class$MethodArray::getArray (5 bytes)
Event: 4.884 Thread 0x000000001736c800 nmethod 1860 0x0000000002d44ed0 code [0x0000000002d45020, 0x0000000002d45130]
Event: 4.888 Thread 0x000000001736c800 1865       3       java.beans.FeatureDescriptor::<init> (5 bytes)
Event: 4.888 Thread 0x000000001736c800 nmethod 1865 0x0000000002d45190 code [0x0000000002d452e0, 0x0000000002d45490]
Event: 4.888 Thread 0x000000001736c800 1866       3       java.beans.FeatureDescriptor::setName (6 bytes)
Event: 4.888 Thread 0x000000001736c800 nmethod 1866 0x0000000002d45550 code [0x0000000002d456a0, 0x0000000002d45810]
Event: 4.890 Thread 0x000000001736c800 1867       3       java.lang.AbstractStringBuilder::append (54 bytes)
Event: 4.891 Thread 0x000000001736c800 nmethod 1867 0x0000000002d45890 code [0x0000000002d45a60, 0x0000000002d46368]
Event: 4.891 Thread 0x000000001736c800 1868   !   3       java.lang.reflect.Executable::sharedToGenericString (329 bytes)

GC Heap History (10 events):
Event: 2.423 GC heap before
{Heap before GC invocations=4 (full 0):
 PSYoungGen      total 18944K, used 18936K [0x00000000e0000000, 0x00000000e2500000, 0x0000000100000000)
  eden space 16384K, 100% used [0x00000000e0000000,0x00000000e1000000,0x00000000e1000000)
  from space 2560K, 99% used [0x00000000e1000000,0x00000000e127e050,0x00000000e1280000)
  to   space 2560K, 0% used [0x00000000e2280000,0x00000000e2280000,0x00000000e2500000)
 ParOldGen       total 44032K, used 1573K [0x00000000a0000000, 0x00000000a2b00000, 0x00000000e0000000)
  object space 44032K, 3% used [0x00000000a0000000,0x00000000a0189740,0x00000000a2b00000)
 Metaspace       used 11300K, capacity 11626K, committed 11904K, reserved 1058816K
  class space    used 1494K, capacity 1597K, committed 1664K, reserved 1048576K
Event: 2.429 GC heap after
Heap after GC invocations=4 (full 0):
 PSYoungGen      total 35328K, used 2536K [0x00000000e0000000, 0x00000000e2500000, 0x0000000100000000)
  eden space 32768K, 0% used [0x00000000e0000000,0x00000000e0000000,0x00000000e2000000)
  from space 2560K, 99% used [0x00000000e2280000,0x00000000e24fa040,0x00000000e2500000)
  to   space 2560K, 0% used [0x00000000e2000000,0x00000000e2000000,0x00000000e2280000)
 ParOldGen       total 44032K, used 4118K [0x00000000a0000000, 0x00000000a2b00000, 0x00000000e0000000)
  object space 44032K, 9% used [0x00000000a0000000,0x00000000a0405a68,0x00000000a2b00000)
 Metaspace       used 11300K, capacity 11626K, committed 11904K, reserved 1058816K
  class space    used 1494K, capacity 1597K, committed 1664K, reserved 1048576K
}
Event: 3.018 GC heap before
{Heap before GC invocations=5 (full 0):
 PSYoungGen      total 35328K, used 35304K [0x00000000e0000000, 0x00000000e2500000, 0x0000000100000000)
  eden space 32768K, 100% used [0x00000000e0000000,0x00000000e2000000,0x00000000e2000000)
  from space 2560K, 99% used [0x00000000e2280000,0x00000000e24fa040,0x00000000e2500000)
  to   space 2560K, 0% used [0x00000000e2000000,0x00000000e2000000,0x00000000e2280000)
 ParOldGen       total 44032K, used 4118K [0x00000000a0000000, 0x00000000a2b00000, 0x00000000e0000000)
  object space 44032K, 9% used [0x00000000a0000000,0x00000000a0405a68,0x00000000a2b00000)
 Metaspace       used 14449K, capacity 14786K, committed 14976K, reserved 1062912K
  class space    used 2012K, capacity 2127K, committed 2176K, reserved 1048576K
Event: 3.026 GC heap after
Heap after GC invocations=5 (full 0):
 PSYoungGen      total 35328K, used 2536K [0x00000000e0000000, 0x00000000e4d00000, 0x0000000100000000)
  eden space 32768K, 0% used [0x00000000e0000000,0x00000000e0000000,0x00000000e2000000)
  from space 2560K, 99% used [0x00000000e2000000,0x00000000e227a060,0x00000000e2280000)
  to   space 6656K, 0% used [0x00000000e4680000,0x00000000e4680000,0x00000000e4d00000)
 ParOldGen       total 44032K, used 7851K [0x00000000a0000000, 0x00000000a2b00000, 0x00000000e0000000)
  object space 44032K, 17% used [0x00000000a0000000,0x00000000a07aae88,0x00000000a2b00000)
 Metaspace       used 14449K, capacity 14786K, committed 14976K, reserved 1062912K
  class space    used 2012K, capacity 2127K, committed 2176K, reserved 1048576K
}
Event: 4.109 GC heap before
{Heap before GC invocations=6 (full 0):
 PSYoungGen      total 35328K, used 35304K [0x00000000e0000000, 0x00000000e4d00000, 0x0000000100000000)
  eden space 32768K, 100% used [0x00000000e0000000,0x00000000e2000000,0x00000000e2000000)
  from space 2560K, 99% used [0x00000000e2000000,0x00000000e227a060,0x00000000e2280000)
  to   space 6656K, 0% used [0x00000000e4680000,0x00000000e4680000,0x00000000e4d00000)
 ParOldGen       total 44032K, used 7851K [0x00000000a0000000, 0x00000000a2b00000, 0x00000000e0000000)
  object space 44032K, 17% used [0x00000000a0000000,0x00000000a07aae88,0x00000000a2b00000)
 Metaspace       used 17613K, capacity 18076K, committed 18304K, reserved 1064960K
  class space    used 2530K, capacity 2658K, committed 2688K, reserved 1048576K
Event: 4.122 GC heap after
Heap after GC invocations=6 (full 0):
 PSYoungGen      total 71168K, used 6641K [0x00000000e0000000, 0x00000000e4f00000, 0x0000000100000000)
  eden space 64512K, 0% used [0x00000000e0000000,0x00000000e0000000,0x00000000e3f00000)
  from space 6656K, 99% used [0x00000000e4680000,0x00000000e4cfc740,0x00000000e4d00000)
  to   space 7680K, 0% used [0x00000000e3f00000,0x00000000e3f00000,0x00000000e4680000)
 ParOldGen       total 44032K, used 7917K [0x00000000a0000000, 0x00000000a2b00000, 0x00000000e0000000)
  object space 44032K, 17% used [0x00000000a0000000,0x00000000a07bb740,0x00000000a2b00000)
 Metaspace       used 17613K, capacity 18076K, committed 18304K, reserved 1064960K
  class space    used 2530K, capacity 2658K, committed 2688K, reserved 1048576K
}
Event: 4.496 GC heap before
{Heap before GC invocations=7 (full 0):
 PSYoungGen      total 71168K, used 20148K [0x00000000e0000000, 0x00000000e4f00000, 0x0000000100000000)
  eden space 64512K, 20% used [0x00000000e0000000,0x00000000e0d30b98,0x00000000e3f00000)
  from space 6656K, 99% used [0x00000000e4680000,0x00000000e4cfc740,0x00000000e4d00000)
  to   space 7680K, 0% used [0x00000000e3f00000,0x00000000e3f00000,0x00000000e4680000)
 ParOldGen       total 44032K, used 7917K [0x00000000a0000000, 0x00000000a2b00000, 0x00000000e0000000)
  object space 44032K, 17% used [0x00000000a0000000,0x00000000a07bb740,0x00000000a2b00000)
 Metaspace       used 20807K, capacity 21212K, committed 21248K, reserved 1067008K
  class space    used 2896K, capacity 3042K, committed 3072K, reserved 1048576K
Event: 4.505 GC heap after
Heap after GC invocations=7 (full 0):
 PSYoungGen      total 72192K, used 5318K [0x00000000e0000000, 0x00000000e8d00000, 0x0000000100000000)
  eden space 64512K, 0% used [0x00000000e0000000,0x00000000e0000000,0x00000000e3f00000)
  from space 7680K, 69% used [0x00000000e3f00000,0x00000000e4431898,0x00000000e4680000)
  to   space 7680K, 0% used [0x00000000e8580000,0x00000000e8580000,0x00000000e8d00000)
 ParOldGen       total 44032K, used 8979K [0x00000000a0000000, 0x00000000a2b00000, 0x00000000e0000000)
  object space 44032K, 20% used [0x00000000a0000000,0x00000000a08c4d38,0x00000000a2b00000)
 Metaspace       used 20807K, capacity 21212K, committed 21248K, reserved 1067008K
  class space    used 2896K, capacity 3042K, committed 3072K, reserved 1048576K
}
Event: 4.505 GC heap before
{Heap before GC invocations=8 (full 1):
 PSYoungGen      total 72192K, used 5318K [0x00000000e0000000, 0x00000000e8d00000, 0x0000000100000000)
  eden space 64512K, 0% used [0x00000000e0000000,0x00000000e0000000,0x00000000e3f00000)
  from space 7680K, 69% used [0x00000000e3f00000,0x00000000e4431898,0x00000000e4680000)
  to   space 7680K, 0% used [0x00000000e8580000,0x00000000e8580000,0x00000000e8d00000)
 ParOldGen       total 44032K, used 8979K [0x00000000a0000000, 0x00000000a2b00000, 0x00000000e0000000)
  object space 44032K, 20% used [0x00000000a0000000,0x00000000a08c4d38,0x00000000a2b00000)
 Metaspace       used 20807K, capacity 21212K, committed 21248K, reserved 1067008K
  class space    used 2896K, capacity 3042K, committed 3072K, reserved 1048576K
Event: 4.556 GC heap after
Heap after GC invocations=8 (full 1):
 PSYoungGen      total 72192K, used 0K [0x00000000e0000000, 0x00000000e8d00000, 0x0000000100000000)
  eden space 64512K, 0% used [0x00000000e0000000,0x00000000e0000000,0x00000000e3f00000)
  from space 7680K, 0% used [0x00000000e3f00000,0x00000000e3f00000,0x00000000e4680000)
  to   space 7680K, 0% used [0x00000000e8580000,0x00000000e8580000,0x00000000e8d00000)
 ParOldGen       total 35840K, used 8173K [0x00000000a0000000, 0x00000000a2300000, 0x00000000e0000000)
  object space 35840K, 22% used [0x00000000a0000000,0x00000000a07fb680,0x00000000a2300000)
 Metaspace       used 20807K, capacity 21212K, committed 21248K, reserved 1067008K
  class space    used 2896K, capacity 3042K, committed 3072K, reserved 1048576K
}

Deoptimization events (10 events):
Event: 3.809 Thread 0x0000000018dab000 Uncommon trap: reason=bimorphic action=maybe_recompile pc=0x0000000002a81b60 method=java.lang.ClassLoader.loadClass(Ljava/lang/String;Z)Ljava/lang/Class; @ 38
Event: 3.809 Thread 0x0000000018dab000 Uncommon trap: reason=bimorphic action=maybe_recompile pc=0x0000000002a81b60 method=java.lang.ClassLoader.loadClass(Ljava/lang/String;Z)Ljava/lang/Class; @ 38
Event: 3.809 Thread 0x0000000018dab000 Uncommon trap: reason=bimorphic action=maybe_recompile pc=0x0000000002a81b60 method=java.lang.ClassLoader.loadClass(Ljava/lang/String;Z)Ljava/lang/Class; @ 38
Event: 4.647 Thread 0x0000000018dab000 Uncommon trap: reason=unstable_if action=reinterpret pc=0x00000000028d6e7c method=java.lang.AbstractStringBuilder.append(Ljava/lang/String;)Ljava/lang/AbstractStringBuilder; @ 1
Event: 4.647 Thread 0x0000000018dab000 Uncommon trap: reason=unstable_if action=reinterpret pc=0x000000000280d8f4 method=java.lang.AbstractStringBuilder.append(Ljava/lang/String;)Ljava/lang/AbstractStringBuilder; @ 1
Event: 4.733 Thread 0x0000000018dab000 Uncommon trap: reason=class_check action=maybe_recompile pc=0x00000000027bf87c method=sun.misc.URLClassPath.getLoader(I)Lsun/misc/URLClassPath$Loader; @ 94
Event: 4.733 Thread 0x0000000018dab000 Uncommon trap: reason=class_check action=maybe_recompile pc=0x0000000002b46954 method=sun.misc.URLClassPath.getResource(Ljava/lang/String;Z)Lsun/misc/Resource; @ 62
Event: 4.740 Thread 0x0000000018dab000 Uncommon trap: reason=unstable_if action=reinterpret pc=0x0000000002c1b788 method=java.lang.ClassLoader.getClassLoadingLock(Ljava/lang/String;)Ljava/lang/Object; @ 6
Event: 4.769 Thread 0x0000000018dab000 Uncommon trap: reason=class_check action=maybe_recompile pc=0x00000000027bfa1c method=sun.misc.URLClassPath.getLoader(I)Lsun/misc/URLClassPath$Loader; @ 239
Event: 4.784 Thread 0x0000000018dab000 Uncommon trap: reason=class_check action=maybe_recompile pc=0x00000000027bfa1c method=sun.misc.URLClassPath.getLoader(I)Lsun/misc/URLClassPath$Loader; @ 239

Classes redefined (0 events):
No events

Internal exceptions (10 events):
Event: 4.773 Thread 0x0000000018dab000 Exception <a 'java/lang/ClassNotFoundException': org/gradle/groovy/scripts/ScriptCustomizer> (0x00000000e09186f0) thrown at [D:\src\AOSP-openjdk-cygwin\jdk8u\hotspot\src\share\vm\classfile\systemDictionary.cpp, line 210]
Event: 4.774 Thread 0x0000000018dab000 Exception <a 'java/lang/ClassNotFoundException': org/gradle/groovy/scripts/BasicScriptCustomizer> (0x00000000e09334e8) thrown at [D:\src\AOSP-openjdk-cygwin\jdk8u\hotspot\src\share\vm\classfile\systemDictionary.cpp, line 210]
Event: 4.776 Thread 0x0000000018dab000 Exception <a 'java/lang/ClassNotFoundException': org/gradle/groovy/scripts/DefaultScriptCustomizer> (0x00000000e09544b8) thrown at [D:\src\AOSP-openjdk-cygwin\jdk8u\hotspot\src\share\vm\classfile\systemDictionary.cpp, line 210]
Event: 4.783 Thread 0x0000000018dab000 Exception <a 'java/lang/ClassNotFoundException': org/gradle/initialization/SettingsScriptCustomizer> (0x00000000e09a4a00) thrown at [D:\src\AOSP-openjdk-cygwin\jdk8u\hotspot\src\share\vm\classfile\systemDictionary.cpp, line 210]
Event: 4.784 Thread 0x0000000018dab000 Exception <a 'java/lang/ClassNotFoundException': settings_5v5mz9oyfcz431i6qzbdj9rvuCustomizer> (0x00000000e09b6de8) thrown at [D:\src\AOSP-openjdk-cygwin\jdk8u\hotspot\src\share\vm\classfile\systemDictionary.cpp, line 210]
Event: 4.885 Thread 0x0000000018dab000 Exception <a 'java/lang/ClassNotFoundException': org/gradle/initialization/DefaultSettings_DecoratedBeanInfo> (0x00000000e0ddd3f8) thrown at [D:\src\AOSP-openjdk-cygwin\jdk8u\hotspot\src\share\vm\classfile\systemDictionary.cpp, line 210]
Event: 4.885 Thread 0x0000000018dab000 Exception <a 'java/lang/ClassNotFoundException': org/gradle/initialization/DefaultSettingsBeanInfo> (0x00000000e0dff988) thrown at [D:\src\AOSP-openjdk-cygwin\jdk8u\hotspot\src\share\vm\classfile\systemDictionary.cpp, line 210]
Event: 4.887 Thread 0x0000000018dab000 Exception <a 'java/lang/ClassNotFoundException': org/gradle/api/internal/project/AbstractPluginAwareBeanInfo> (0x00000000e0e27208) thrown at [D:\src\AOSP-openjdk-cygwin\jdk8u\hotspot\src\share\vm\classfile\systemDictionary.cpp, line 210]
Event: 4.887 Thread 0x0000000018dab000 Exception <a 'java/lang/ClassNotFoundException': org/gradle/api/internal/project/AbstractPluginAwareCustomizer> (0x00000000e0e4f330) thrown at [D:\src\AOSP-openjdk-cygwin\jdk8u\hotspot\src\share\vm\classfile\systemDictionary.cpp, line 210]
Event: 4.889 Thread 0x0000000018dab000 Exception <a 'java/lang/ClassNotFoundException': org/gradle/initialization/DefaultSettingsCustomizer> (0x00000000e0e7b0e0) thrown at [D:\src\AOSP-openjdk-cygwin\jdk8u\hotspot\src\share\vm\classfile\systemDictionary.cpp, line 210]

Events (10 events):
Event: 4.888 loading class org/gradle/initialization/DefaultSettingsCustomizer
Event: 4.888 loading class org/gradle/initialization/DefaultSettingsCustomizer done
Event: 4.889 loading class org/gradle/initialization/DefaultSettingsCustomizer
Event: 4.889 loading class org/gradle/initialization/DefaultSettingsCustomizer done
Event: 4.889 loading class org/gradle/initialization/DefaultSettingsCustomizer
Event: 4.889 loading class org/gradle/initialization/DefaultSettingsCustomizer done
Event: 4.889 loading class org/gradle/initialization/DefaultSettingsCustomizer
Event: 4.889 loading class org/gradle/initialization/DefaultSettingsCustomizer done
Event: 4.893 loading class org/gradle/initialization/DefaultSettings_DecoratedCustomizer
Event: 4.893 loading class org/gradle/initialization/DefaultSettings_DecoratedCustomizer done


Dynamic libraries:
0x00007ff699140000 - 0x00007ff699171000 	D:\Android Studio\jre\bin\java.exe
0x00007ffa0a7f0000 - 0x00007ffa0a9b2000 	C:\Windows\SYSTEM32\ntdll.dll
0x00007ffa0a010000 - 0x00007ffa0a0bd000 	C:\Windows\system32\KERNEL32.DLL
0x00007ffa07ce0000 - 0x00007ffa07ebd000 	C:\Windows\system32\KERNELBASE.dll
0x00007ffa08890000 - 0x00007ffa08936000 	C:\Windows\system32\ADVAPI32.dll
0x00007ffa084f0000 - 0x00007ffa0858d000 	C:\Windows\system32\msvcrt.dll
0x00007ffa08070000 - 0x00007ffa080cb000 	C:\Windows\system32\sechost.dll
0x00007ffa0a4f0000 - 0x00007ffa0a616000 	C:\Windows\system32\RPCRT4.dll
0x00007ffa08740000 - 0x00007ffa0888e000 	C:\Windows\system32\USER32.dll
0x00007ffa0a2f0000 - 0x00007ffa0a475000 	C:\Windows\system32\GDI32.dll
0x00007ff9f7fe0000 - 0x00007ff9f8254000 	C:\Windows\WinSxS\amd64_microsoft.windows.common-controls_6595b64144ccf1df_6.0.10240.16384_none_f41f7b285750ef43\COMCTL32.dll
0x00007ffa08a20000 - 0x00007ffa08a56000 	C:\Windows\system32\IMM32.DLL
0x00007ffa0a130000 - 0x00007ffa0a28c000 	C:\Windows\system32\MSCTF.dll
0x0000000059500000 - 0x00000000595d2000 	D:\Android Studio\jre\jre\bin\msvcr100.dll
0x00000000595e0000 - 0x0000000059e1f000 	D:\Android Studio\jre\jre\bin\server\jvm.dll
0x00007ffa09f90000 - 0x00007ffa09f98000 	C:\Windows\system32\PSAPI.DLL
0x00007ff9feab0000 - 0x00007ff9feab9000 	C:\Windows\SYSTEM32\WSOCK32.dll
0x00007ffa0a480000 - 0x00007ffa0a4e9000 	C:\Windows\system32\WS2_32.dll
0x00007ffa04e50000 - 0x00007ffa04e73000 	C:\Windows\SYSTEM32\WINMM.dll
0x00007ffa08420000 - 0x00007ffa08428000 	C:\Windows\system32\NSI.dll
0x00007ffa04e20000 - 0x00007ffa04e4c000 	C:\Windows\SYSTEM32\WINMMBASE.dll
0x00007ffa07660000 - 0x00007ffa076a4000 	C:\Windows\system32\cfgmgr32.dll
0x00007ffa05b70000 - 0x00007ffa05b97000 	C:\Windows\SYSTEM32\DEVOBJ.dll
0x00007ffa04e80000 - 0x00007ffa04e8a000 	C:\Windows\SYSTEM32\VERSION.dll
0x00007ffa032a0000 - 0x00007ffa032af000 	D:\Android Studio\jre\jre\bin\verify.dll
0x00007ff9f4160000 - 0x00007ff9f4189000 	D:\Android Studio\jre\jre\bin\java.dll
0x00007ff9fcf50000 - 0x00007ff9fcf66000 	D:\Android Studio\jre\jre\bin\zip.dll
0x00007ffa08a60000 - 0x00007ffa09f85000 	C:\Windows\system32\SHELL32.dll
0x00007ffa076b0000 - 0x00007ffa07cd8000 	C:\Windows\system32\windows.storage.dll
0x00007ffa081a0000 - 0x00007ffa0841c000 	C:\Windows\system32\combase.dll
0x00007ffa08590000 - 0x00007ffa085e1000 	C:\Windows\system32\shlwapi.dll
0x00007ffa07290000 - 0x00007ffa0729f000 	C:\Windows\system32\kernel.appcore.dll
0x00007ffa07490000 - 0x00007ffa07543000 	C:\Windows\system32\shcore.dll
0x00007ffa07220000 - 0x00007ffa0726a000 	C:\Windows\system32\powrprof.dll
0x00007ffa072a0000 - 0x00007ffa072b3000 	C:\Windows\system32\profapi.dll
0x00007ff9f4760000 - 0x00007ff9f477a000 	D:\Android Studio\jre\jre\bin\net.dll
0x00007ffa06a70000 - 0x00007ffa06acd000 	C:\Windows\system32\mswsock.dll
0x00007ff9f4140000 - 0x00007ff9f4151000 	D:\Android Studio\jre\jre\bin\nio.dll
0x00007ff9efe50000 - 0x00007ff9efe6e000 	C:\Users\shaoqing\.gradle\native\25\windows-amd64\native-platform.dll
0x00007ff9fe0a0000 - 0x00007ff9fe0ad000 	D:\Android Studio\jre\jre\bin\management.dll
0x00007ffa06ad0000 - 0x00007ffa06ae7000 	C:\Windows\SYSTEM32\CRYPTSP.dll
0x00007ffa06d40000 - 0x00007ffa06d68000 	C:\Windows\SYSTEM32\bcrypt.dll
0x00007ffa06720000 - 0x00007ffa06753000 	C:\Windows\system32\rsaenh.dll
0x00007ffa06900000 - 0x00007ffa0691f000 	C:\Windows\SYSTEM32\USERENV.dll
0x00007ffa07070000 - 0x00007ffa070db000 	C:\Windows\system32\bcryptprimitives.dll
0x00007ffa06c40000 - 0x00007ffa06c4b000 	C:\Windows\SYSTEM32\CRYPTBASE.dll
0x00007ff9ffe20000 - 0x00007ff9ffe58000 	C:\Windows\SYSTEM32\IPHLPAPI.DLL
0x00007ff9ffe10000 - 0x00007ff9ffe1b000 	C:\Windows\SYSTEM32\WINNSI.DLL
0x00007ff9ffc80000 - 0x00007ff9ffc96000 	C:\Windows\SYSTEM32\dhcpcsvc6.DLL
0x00007ff9ffc50000 - 0x00007ff9ffc6a000 	C:\Windows\SYSTEM32\dhcpcsvc.DLL

VM Arguments:
jvm_args: -Xmx1536m -Dfile.encoding=GBK -Duser.country=CN -Duser.language=zh -Duser.variant 
java_command: org.gradle.launcher.daemon.bootstrap.GradleDaemon 4.4
java_class_path (initial): C:\Users\shaoqing\.gradle\wrapper\dists\gradle-4.4-all\9br9xq1tocpiv8o6njlyu5op1\gradle-4.4\lib\gradle-launcher-4.4.jar
Launcher Type: SUN_STANDARD

Environment Variables:
JAVA_HOME=C:\Program Files\Java\jdk1.8.0_144
CLASSPATH=.;C:\Program Files\Java\jdk1.8.0_144\lib\dt.jar;C:\Program Files\Java\jdk1.8.0_144\lib\tools.jar;?D:\json_simple-1.1.jar
PATH=C:\Program Files\Java\jdk1.8.0_144\bin;?;D:\Git\cmd;C:\Program Files (x86)\ATI Technologies\ATI.ACE\Core-Static;D:\Anaconda2;D:\Anaconda2\Library\mingw-w64\bin;D:\Anaconda2\Library\usr\bin;D:\Anaconda2\Library\bin;D:\Anaconda2\Scripts;C:\Users\shaoqing\Anaconda3;C:\Users\shaoqing\Anaconda3\Library\mingw-w64\bin;C:\Users\shaoqing\Anaconda3\Library\usr\bin;C:\Users\shaoqing\Anaconda3\Library\bin;C:\Users\shaoqing\Anaconda3\Scripts;C:\Users\shaoqing\AppData\Local\Programs\Python\Python35\Scripts\;C:\Users\shaoqing\AppData\Local\Programs\Python\Python35\
USERNAME=shaoqing
OS=Windows_NT
PROCESSOR_IDENTIFIER=Intel64 Family 6 Model 42 Stepping 7, GenuineIntel



---------------  S Y S T E M  ---------------

OS: Windows 10.0 , 64 bit Build 10240 (10.0.10240.16384)

CPU:total 4 (initial active 4) (2 cores per cpu, 2 threads per core) family 6 model 42 stepping 7, cmov, cx8, fxsr, mmx, sse, sse2, sse3, ssse3, sse4.1, sse4.2, popcnt, avx, aes, clmul, ht, tsc, tscinvbit

Memory: 4k page, physical 4085896k(51816k free), swap 9037344k(5388k free)

vm_info: OpenJDK 64-Bit Server VM (25.152-b02) for windows-amd64 JRE (1.8.0_152-release-1024-b02), built by "builder" with MS VC++ 10.0 (VS2010)

time: Thu Sep 20 00:24:17 2018
elapsed time: 4 seconds (0d 0h 0m 4s)

